2025-06-17 16:16:37,741 INFO o.a.j.u.JMeterUtils: Setting Locale to en_EN
2025-06-17 16:16:37,753 INFO o.a.j.JMeter: Loading user properties from: /home/jesusmuve/Descargas/apache-jmeter-5.6.3/bin/user.properties
2025-06-17 16:16:37,753 INFO o.a.j.JMeter: Loading system properties from: /home/jesusmuve/Descargas/apache-jmeter-5.6.3/bin/system.properties
2025-06-17 16:16:37,757 INFO o.a.j.JMeter: Copyright (c) 1998-2024 The Apache Software Foundation
2025-06-17 16:16:37,757 INFO o.a.j.JMeter: Version 5.6.3
2025-06-17 16:16:37,757 INFO o.a.j.JMeter: java.version=21.0.7
2025-06-17 16:16:37,757 INFO o.a.j.JMeter: java.vm.name=OpenJDK 64-Bit Server VM
2025-06-17 16:16:37,757 INFO o.a.j.JMeter: os.name=Linux
2025-06-17 16:16:37,758 INFO o.a.j.JMeter: os.arch=amd64
2025-06-17 16:16:37,758 INFO o.a.j.JMeter: os.version=6.8.0-60-generic
2025-06-17 16:16:37,758 INFO o.a.j.JMeter: file.encoding=UTF-8
2025-06-17 16:16:37,758 INFO o.a.j.JMeter: java.awt.headless=true
2025-06-17 16:16:37,758 INFO o.a.j.JMeter: Max memory     =1073741824
2025-06-17 16:16:37,758 INFO o.a.j.JMeter: Available Processors =8
2025-06-17 16:16:37,765 INFO o.a.j.JMeter: Default Locale=English (EN)
2025-06-17 16:16:37,765 INFO o.a.j.JMeter: JMeter  Locale=English (EN)
2025-06-17 16:16:37,765 INFO o.a.j.JMeter: JMeterHome=/home/jesusmuve/Descargas/apache-jmeter-5.6.3
2025-06-17 16:16:37,765 INFO o.a.j.JMeter: user.dir  =/home/jesusmuve/Escritorio/Apuntes/documents/Tercero/Segundo Cuatrimestre/ISE/Pr치cticas
2025-06-17 16:16:37,765 INFO o.a.j.JMeter: PWD       =/home/jesusmuve/Escritorio/Apuntes/documents/Tercero/Segundo Cuatrimestre/ISE/Pr치cticas
2025-06-17 16:16:37,766 INFO o.a.j.JMeter: IP: 127.0.1.1 Name: jesusmuve-Modern-14-B10MW FullName: jesusmuve-Modern-14-B10MW
2025-06-17 16:16:37,776 INFO o.a.j.s.FileServer: Default base='/home/jesusmuve/Escritorio/Apuntes/documents/Tercero/Segundo Cuatrimestre/ISE/Pr치cticas'
2025-06-17 16:16:37,777 INFO o.a.j.s.FileServer: Set new base='/home/jesusmuve/Escritorio/Apuntes/documents/Tercero/Segundo Cuatrimestre/ISE/Pr치cticas/./Ejercicio_jMeter'
2025-06-17 16:16:37,935 INFO o.a.j.s.SaveService: Testplan (JMX) version: 2.2. Testlog (JTL) version: 2.2
2025-06-17 16:16:37,958 INFO o.a.j.s.SaveService: Using SaveService properties version 5.0
2025-06-17 16:16:37,960 INFO o.a.j.s.SaveService: Using SaveService properties file encoding UTF-8
2025-06-17 16:16:37,962 INFO o.a.j.s.SaveService: Loading file: ./Ejercicio_jMeter/jmeter_pruebas.jmx
2025-06-17 16:16:38,006 INFO o.a.j.p.h.s.HTTPSamplerBase: Parser for text/html is org.apache.jmeter.protocol.http.parser.LagartoBasedHtmlParser
2025-06-17 16:16:38,007 INFO o.a.j.p.h.s.HTTPSamplerBase: Parser for application/xhtml+xml is org.apache.jmeter.protocol.http.parser.LagartoBasedHtmlParser
2025-06-17 16:16:38,007 INFO o.a.j.p.h.s.HTTPSamplerBase: Parser for application/xml is org.apache.jmeter.protocol.http.parser.LagartoBasedHtmlParser
2025-06-17 16:16:38,007 INFO o.a.j.p.h.s.HTTPSamplerBase: Parser for text/xml is org.apache.jmeter.protocol.http.parser.LagartoBasedHtmlParser
2025-06-17 16:16:38,007 INFO o.a.j.p.h.s.HTTPSamplerBase: Parser for text/vnd.wap.wml is org.apache.jmeter.protocol.http.parser.RegexpHTMLParser
2025-06-17 16:16:38,007 INFO o.a.j.p.h.s.HTTPSamplerBase: Parser for text/css is org.apache.jmeter.protocol.http.parser.CssParser
2025-06-17 16:16:38,020 INFO o.a.j.p.h.s.HTTPJavaImpl: Maximum connection retries = 0
2025-06-17 16:16:38,048 INFO o.a.j.JMeter: Creating summariser <summary>
2025-06-17 16:16:38,060 INFO o.a.j.e.StandardJMeterEngine: Running the test!
2025-06-17 16:16:38,061 INFO o.a.j.s.SampleEvent: List of sample_variables: []
2025-06-17 16:16:38,061 INFO o.a.j.s.SampleEvent: List of sample_variables: []
2025-06-17 16:16:38,067 INFO o.a.j.e.u.CompoundVariable: Note: Function class names must contain the string: '.functions.'
2025-06-17 16:16:38,067 INFO o.a.j.e.u.CompoundVariable: Note: Function class names must not contain the string: '.gui.'
2025-06-17 16:16:38,165 INFO o.a.j.JMeter: Running test (1750169798165)
2025-06-17 16:16:38,181 INFO o.a.j.e.StandardJMeterEngine: Starting ThreadGroup: 1 : Estudiantes
2025-06-17 16:16:38,181 INFO o.a.j.e.StandardJMeterEngine: Starting 15 threads for group Estudiantes.
2025-06-17 16:16:38,181 INFO o.a.j.e.StandardJMeterEngine: Thread will continue on error
2025-06-17 16:16:38,181 INFO o.a.j.t.ThreadGroup: Starting thread group... number=1 threads=15 ramp-up=3 delayedStart=false
2025-06-17 16:16:38,195 INFO o.a.j.t.ThreadGroup: Started thread group number 1
2025-06-17 16:16:38,195 INFO o.a.j.e.StandardJMeterEngine: Starting ThreadGroup: 2 : Administradores
2025-06-17 16:16:38,195 INFO o.a.j.e.StandardJMeterEngine: Starting 5 threads for group Administradores.
2025-06-17 16:16:38,195 INFO o.a.j.e.StandardJMeterEngine: Thread will continue on error
2025-06-17 16:16:38,195 INFO o.a.j.t.ThreadGroup: Starting thread group... number=2 threads=5 ramp-up=2 delayedStart=false
2025-06-17 16:16:38,196 INFO o.a.j.t.JMeterThread: Thread started: Estudiantes 1-1
2025-06-17 16:16:38,197 INFO o.a.j.t.JMeterThread: Thread started: Administradores 2-1
2025-06-17 16:16:38,197 INFO o.a.j.s.FileServer: Stored: ./jMeter/alumnos.csv Alias: ./jMeter/alumnos.csv@1547116051
2025-06-17 16:16:38,199 INFO o.a.j.t.ThreadGroup: Started thread group number 2
2025-06-17 16:16:38,199 INFO o.a.j.e.StandardJMeterEngine: All thread groups have been started
2025-06-17 16:16:38,205 INFO o.a.j.s.FileServer: Stored: ./jMeter/administradores.csv Alias: ./jMeter/administradores.csv@1965036946
2025-06-17 16:16:38,392 INFO o.a.j.t.JMeterThread: Thread started: Estudiantes 1-2
2025-06-17 16:16:38,592 INFO o.a.j.t.JMeterThread: Thread started: Estudiantes 1-3
2025-06-17 16:16:38,597 INFO o.a.j.t.JMeterThread: Thread started: Administradores 2-2
2025-06-17 16:16:38,730 INFO o.a.j.p.h.s.HTTPHCAbstractImpl: Local host = jesusmuve-Modern-14-B10MW
2025-06-17 16:16:38,735 INFO o.a.j.p.h.s.HTTPHC4Impl: HTTP request retry count = 0
2025-06-17 16:16:38,736 INFO o.a.j.s.SampleResult: Note: Sample TimeStamps are START times
2025-06-17 16:16:38,736 INFO o.a.j.s.SampleResult: sampleresult.default.encoding is set to UTF-8
2025-06-17 16:16:38,736 INFO o.a.j.s.SampleResult: sampleresult.useNanoTime=true
2025-06-17 16:16:38,736 INFO o.a.j.s.SampleResult: sampleresult.nanoThreadSleep=5000
2025-06-17 16:16:38,791 INFO o.a.j.t.JMeterThread: Thread started: Estudiantes 1-4
2025-06-17 16:16:38,991 INFO o.a.j.t.JMeterThread: Thread started: Estudiantes 1-5
2025-06-17 16:16:38,996 INFO o.a.j.t.JMeterThread: Thread started: Administradores 2-3
2025-06-17 16:16:39,190 INFO o.a.j.t.JMeterThread: Thread started: Estudiantes 1-6
2025-06-17 16:16:39,388 INFO o.a.j.t.JMeterThread: Thread started: Estudiantes 1-7
2025-06-17 16:16:39,397 INFO o.a.j.t.JMeterThread: Thread started: Administradores 2-4
2025-06-17 16:16:39,481 INFO o.a.j.s.FileServer: Stored: ./jMeter/apiAlumnos.log
2025-06-17 16:16:39,588 INFO o.a.j.t.JMeterThread: Thread started: Estudiantes 1-8
2025-06-17 16:16:39,786 INFO o.a.j.t.JMeterThread: Thread started: Estudiantes 1-9
2025-06-17 16:16:39,797 INFO o.a.j.t.JMeterThread: Thread started: Administradores 2-5
2025-06-17 16:16:39,986 INFO o.a.j.t.JMeterThread: Thread started: Estudiantes 1-10
2025-06-17 16:16:40,184 INFO o.a.j.t.JMeterThread: Thread started: Estudiantes 1-11
2025-06-17 16:16:40,387 INFO o.a.j.t.JMeterThread: Thread started: Estudiantes 1-12
2025-06-17 16:16:40,584 INFO o.a.j.t.JMeterThread: Thread started: Estudiantes 1-13
2025-06-17 16:16:40,784 INFO o.a.j.t.JMeterThread: Thread started: Estudiantes 1-14
2025-06-17 16:16:40,982 INFO o.a.j.t.JMeterThread: Thread started: Estudiantes 1-15
2025-06-17 16:16:42,852 INFO o.a.j.t.JMeterThread: Thread is done: Estudiantes 1-6
2025-06-17 16:16:42,853 INFO o.a.j.t.JMeterThread: Thread finished: Estudiantes 1-6
2025-06-17 16:16:43,193 INFO o.a.j.t.JMeterThread: Thread is done: Estudiantes 1-9
2025-06-17 16:16:43,193 INFO o.a.j.t.JMeterThread: Thread finished: Estudiantes 1-9
2025-06-17 16:16:43,554 INFO o.a.j.t.JMeterThread: Thread is done: Estudiantes 1-2
2025-06-17 16:16:43,554 INFO o.a.j.t.JMeterThread: Thread finished: Estudiantes 1-2
2025-06-17 16:16:43,638 INFO o.a.j.t.JMeterThread: Thread is done: Estudiantes 1-4
2025-06-17 16:16:43,639 INFO o.a.j.t.JMeterThread: Thread finished: Estudiantes 1-4
2025-06-17 16:16:44,168 INFO o.a.j.t.JMeterThread: Thread is done: Estudiantes 1-3
2025-06-17 16:16:44,169 INFO o.a.j.t.JMeterThread: Thread finished: Estudiantes 1-3
2025-06-17 16:16:44,407 INFO o.a.j.t.JMeterThread: Thread is done: Estudiantes 1-11
2025-06-17 16:16:44,408 INFO o.a.j.t.JMeterThread: Thread finished: Estudiantes 1-11
2025-06-17 16:16:44,471 INFO o.a.j.t.JMeterThread: Thread is done: Estudiantes 1-1
2025-06-17 16:16:44,471 INFO o.a.j.t.JMeterThread: Thread finished: Estudiantes 1-1
2025-06-17 16:16:44,713 INFO o.a.j.t.JMeterThread: Thread is done: Estudiantes 1-10
2025-06-17 16:16:44,713 INFO o.a.j.t.JMeterThread: Thread finished: Estudiantes 1-10
2025-06-17 16:16:44,915 INFO o.a.j.t.JMeterThread: Thread is done: Estudiantes 1-7
2025-06-17 16:16:44,915 INFO o.a.j.t.JMeterThread: Thread finished: Estudiantes 1-7
2025-06-17 16:16:44,980 INFO o.a.j.t.JMeterThread: Thread is done: Estudiantes 1-12
2025-06-17 16:16:44,981 INFO o.a.j.t.JMeterThread: Thread finished: Estudiantes 1-12
2025-06-17 16:16:45,019 INFO o.a.j.t.JMeterThread: Thread is done: Estudiantes 1-13
2025-06-17 16:16:45,019 INFO o.a.j.t.JMeterThread: Thread finished: Estudiantes 1-13
2025-06-17 16:16:45,262 INFO o.a.j.t.JMeterThread: Thread is done: Estudiantes 1-14
2025-06-17 16:16:45,262 INFO o.a.j.t.JMeterThread: Thread finished: Estudiantes 1-14
2025-06-17 16:16:45,479 INFO o.a.j.t.JMeterThread: Thread is done: Estudiantes 1-5
2025-06-17 16:16:45,479 INFO o.a.j.t.JMeterThread: Thread finished: Estudiantes 1-5
2025-06-17 16:16:45,660 INFO o.a.j.t.JMeterThread: Thread is done: Administradores 2-4
2025-06-17 16:16:45,660 INFO o.a.j.t.JMeterThread: Thread finished: Administradores 2-4
2025-06-17 16:16:45,822 INFO o.a.j.t.JMeterThread: Thread is done: Estudiantes 1-15
2025-06-17 16:16:45,822 INFO o.a.j.t.JMeterThread: Thread finished: Estudiantes 1-15
2025-06-17 16:16:45,857 INFO o.a.j.t.JMeterThread: Thread is done: Estudiantes 1-8
2025-06-17 16:16:45,858 INFO o.a.j.t.JMeterThread: Thread finished: Estudiantes 1-8
2025-06-17 16:16:45,888 INFO o.a.j.t.JMeterThread: Thread is done: Administradores 2-2
2025-06-17 16:16:45,889 INFO o.a.j.t.JMeterThread: Thread finished: Administradores 2-2
2025-06-17 16:16:47,881 INFO o.a.j.t.JMeterThread: Thread is done: Administradores 2-3
2025-06-17 16:16:47,881 INFO o.a.j.t.JMeterThread: Thread finished: Administradores 2-3
2025-06-17 16:16:48,064 INFO o.a.j.t.JMeterThread: Thread is done: Administradores 2-5
2025-06-17 16:16:48,065 INFO o.a.j.t.JMeterThread: Thread finished: Administradores 2-5
2025-06-17 16:16:48,181 INFO o.a.j.t.JMeterThread: Thread is done: Administradores 2-1
2025-06-17 16:16:48,181 INFO o.a.j.t.JMeterThread: Thread finished: Administradores 2-1
2025-06-17 16:16:48,183 INFO o.a.j.e.StandardJMeterEngine: Notifying test listeners of end of test
2025-06-17 16:16:48,184 INFO o.a.j.s.FileServer: Close: ./jMeter/apiAlumnos.log
2025-06-17 16:16:48,185 INFO o.a.j.s.FileServer: Close: ./jMeter/alumnos.csv@1547116051
2025-06-17 16:16:48,185 INFO o.a.j.s.FileServer: Close: ./jMeter/administradores.csv@1965036946
2025-06-17 16:16:48,188 INFO o.a.j.r.Summariser: summary =    225 in 00:00:10 =   22.5/s Avg:     8 Min:     0 Max:    36 Err:     0 (0.00%)
