2025-06-17 17:13:25,966 INFO o.a.j.u.JMeterUtils: Setting Locale to en_EN
2025-06-17 17:13:25,983 INFO o.a.j.JMeter: Loading user properties from: /home/jesusmuve/Descargas/apache-jmeter-5.6.3/bin/user.properties
2025-06-17 17:13:25,983 INFO o.a.j.JMeter: Loading system properties from: /home/jesusmuve/Descargas/apache-jmeter-5.6.3/bin/system.properties
2025-06-17 17:13:25,989 INFO o.a.j.JMeter: Copyright (c) 1998-2024 The Apache Software Foundation
2025-06-17 17:13:25,989 INFO o.a.j.JMeter: Version 5.6.3
2025-06-17 17:13:25,989 INFO o.a.j.JMeter: java.version=21.0.7
2025-06-17 17:13:25,989 INFO o.a.j.JMeter: java.vm.name=OpenJDK 64-Bit Server VM
2025-06-17 17:13:25,989 INFO o.a.j.JMeter: os.name=Linux
2025-06-17 17:13:25,989 INFO o.a.j.JMeter: os.arch=amd64
2025-06-17 17:13:25,989 INFO o.a.j.JMeter: os.version=6.8.0-60-generic
2025-06-17 17:13:25,989 INFO o.a.j.JMeter: file.encoding=UTF-8
2025-06-17 17:13:25,989 INFO o.a.j.JMeter: java.awt.headless=true
2025-06-17 17:13:25,990 INFO o.a.j.JMeter: Max memory     =1073741824
2025-06-17 17:13:25,990 INFO o.a.j.JMeter: Available Processors =8
2025-06-17 17:13:26,000 INFO o.a.j.JMeter: Default Locale=English (EN)
2025-06-17 17:13:26,000 INFO o.a.j.JMeter: JMeter  Locale=English (EN)
2025-06-17 17:13:26,001 INFO o.a.j.JMeter: JMeterHome=/home/jesusmuve/Descargas/apache-jmeter-5.6.3
2025-06-17 17:13:26,001 INFO o.a.j.JMeter: user.dir  =/home/jesusmuve/Escritorio/Apuntes/documents/Tercero/Segundo Cuatrimestre/ISE/Pr치cticas/Ejercicio_jMeter
2025-06-17 17:13:26,001 INFO o.a.j.JMeter: PWD       =/home/jesusmuve/Escritorio/Apuntes/documents/Tercero/Segundo Cuatrimestre/ISE/Pr치cticas/Ejercicio_jMeter
2025-06-17 17:13:26,001 INFO o.a.j.JMeter: IP: 127.0.1.1 Name: jesusmuve-Modern-14-B10MW FullName: jesusmuve-Modern-14-B10MW
2025-06-17 17:13:26,019 INFO o.a.j.s.FileServer: Default base='/home/jesusmuve/Escritorio/Apuntes/documents/Tercero/Segundo Cuatrimestre/ISE/Pr치cticas/Ejercicio_jMeter'
2025-06-17 17:13:26,020 INFO o.a.j.s.FileServer: Set new base='/home/jesusmuve/Escritorio/Apuntes/documents/Tercero/Segundo Cuatrimestre/ISE/Pr치cticas/Ejercicio_jMeter/.'
2025-06-17 17:13:26,241 INFO o.a.j.s.SaveService: Testplan (JMX) version: 2.2. Testlog (JTL) version: 2.2
2025-06-17 17:13:26,274 INFO o.a.j.s.SaveService: Using SaveService properties version 5.0
2025-06-17 17:13:26,277 INFO o.a.j.s.SaveService: Using SaveService properties file encoding UTF-8
2025-06-17 17:13:26,281 INFO o.a.j.s.SaveService: Loading file: ./jmeter_pruebas.jmx
2025-06-17 17:13:26,352 INFO o.a.j.p.h.s.HTTPSamplerBase: Parser for text/html is org.apache.jmeter.protocol.http.parser.LagartoBasedHtmlParser
2025-06-17 17:13:26,352 INFO o.a.j.p.h.s.HTTPSamplerBase: Parser for application/xhtml+xml is org.apache.jmeter.protocol.http.parser.LagartoBasedHtmlParser
2025-06-17 17:13:26,352 INFO o.a.j.p.h.s.HTTPSamplerBase: Parser for application/xml is org.apache.jmeter.protocol.http.parser.LagartoBasedHtmlParser
2025-06-17 17:13:26,352 INFO o.a.j.p.h.s.HTTPSamplerBase: Parser for text/xml is org.apache.jmeter.protocol.http.parser.LagartoBasedHtmlParser
2025-06-17 17:13:26,352 INFO o.a.j.p.h.s.HTTPSamplerBase: Parser for text/vnd.wap.wml is org.apache.jmeter.protocol.http.parser.RegexpHTMLParser
2025-06-17 17:13:26,352 INFO o.a.j.p.h.s.HTTPSamplerBase: Parser for text/css is org.apache.jmeter.protocol.http.parser.CssParser
2025-06-17 17:13:26,368 INFO o.a.j.p.h.s.HTTPJavaImpl: Maximum connection retries = 0
2025-06-17 17:13:26,395 INFO o.a.j.JMeter: Creating summariser <summary>
2025-06-17 17:13:26,408 INFO o.a.j.e.StandardJMeterEngine: Running the test!
2025-06-17 17:13:26,409 INFO o.a.j.s.SampleEvent: List of sample_variables: []
2025-06-17 17:13:26,409 INFO o.a.j.s.SampleEvent: List of sample_variables: []
2025-06-17 17:13:26,416 INFO o.a.j.e.u.CompoundVariable: Note: Function class names must contain the string: '.functions.'
2025-06-17 17:13:26,416 INFO o.a.j.e.u.CompoundVariable: Note: Function class names must not contain the string: '.gui.'
2025-06-17 17:13:26,542 INFO o.a.j.JMeter: Running test (1750173206542)
2025-06-17 17:13:26,565 INFO o.a.j.e.StandardJMeterEngine: Starting ThreadGroup: 1 : Estudiantes
2025-06-17 17:13:26,565 INFO o.a.j.e.StandardJMeterEngine: Starting 15 threads for group Estudiantes.
2025-06-17 17:13:26,565 INFO o.a.j.e.StandardJMeterEngine: Thread will continue on error
2025-06-17 17:13:26,565 INFO o.a.j.t.ThreadGroup: Starting thread group... number=1 threads=15 ramp-up=3 delayedStart=false
2025-06-17 17:13:26,585 INFO o.a.j.t.ThreadGroup: Started thread group number 1
2025-06-17 17:13:26,586 INFO o.a.j.e.StandardJMeterEngine: Starting ThreadGroup: 2 : Administradores
2025-06-17 17:13:26,586 INFO o.a.j.e.StandardJMeterEngine: Starting 5 threads for group Administradores.
2025-06-17 17:13:26,586 INFO o.a.j.e.StandardJMeterEngine: Thread will continue on error
2025-06-17 17:13:26,586 INFO o.a.j.t.ThreadGroup: Starting thread group... number=2 threads=5 ramp-up=2 delayedStart=false
2025-06-17 17:13:26,588 INFO o.a.j.t.JMeterThread: Thread started: Administradores 2-1
2025-06-17 17:13:26,590 INFO o.a.j.t.JMeterThread: Thread started: Estudiantes 1-1
2025-06-17 17:13:26,590 INFO o.a.j.s.FileServer: Stored: ./jMeter/administradores.csv Alias: ./jMeter/administradores.csv@1965036946
2025-06-17 17:13:26,593 INFO o.a.j.t.ThreadGroup: Started thread group number 2
2025-06-17 17:13:26,594 INFO o.a.j.e.StandardJMeterEngine: All thread groups have been started
2025-06-17 17:13:26,603 INFO o.a.j.s.FileServer: Stored: ./jMeter/alumnos.csv Alias: ./jMeter/alumnos.csv@1547116051
2025-06-17 17:13:26,627 INFO o.a.j.p.h.s.HTTPHCAbstractImpl: Local host = jesusmuve-Modern-14-B10MW
2025-06-17 17:13:26,632 INFO o.a.j.p.h.s.HTTPHC4Impl: HTTP request retry count = 0
2025-06-17 17:13:26,633 INFO o.a.j.s.SampleResult: Note: Sample TimeStamps are START times
2025-06-17 17:13:26,633 INFO o.a.j.s.SampleResult: sampleresult.default.encoding is set to UTF-8
2025-06-17 17:13:26,633 INFO o.a.j.s.SampleResult: sampleresult.useNanoTime=true
2025-06-17 17:13:26,633 INFO o.a.j.s.SampleResult: sampleresult.nanoThreadSleep=5000
2025-06-17 17:13:26,785 INFO o.a.j.t.JMeterThread: Thread started: Estudiantes 1-2
2025-06-17 17:13:26,986 INFO o.a.j.t.JMeterThread: Thread started: Estudiantes 1-3
2025-06-17 17:13:26,990 INFO o.a.j.t.JMeterThread: Thread started: Administradores 2-2
2025-06-17 17:13:26,994 INFO o.a.j.s.FileServer: Stored: ./jMeter/apiAlumnos.log
2025-06-17 17:13:27,185 INFO o.a.j.t.JMeterThread: Thread started: Estudiantes 1-4
2025-06-17 17:13:27,383 INFO o.a.j.t.JMeterThread: Thread started: Estudiantes 1-5
2025-06-17 17:13:27,391 INFO o.a.j.t.JMeterThread: Thread started: Administradores 2-3
2025-06-17 17:13:27,582 INFO o.a.j.t.JMeterThread: Thread started: Estudiantes 1-6
2025-06-17 17:13:27,782 INFO o.a.j.t.JMeterThread: Thread started: Estudiantes 1-7
2025-06-17 17:13:27,789 INFO o.a.j.t.JMeterThread: Thread started: Administradores 2-4
2025-06-17 17:13:27,981 INFO o.a.j.t.JMeterThread: Thread started: Estudiantes 1-8
2025-06-17 17:13:28,179 INFO o.a.j.t.JMeterThread: Thread started: Estudiantes 1-9
2025-06-17 17:13:28,189 INFO o.a.j.t.JMeterThread: Thread started: Administradores 2-5
2025-06-17 17:13:28,379 INFO o.a.j.t.JMeterThread: Thread started: Estudiantes 1-10
2025-06-17 17:13:28,577 INFO o.a.j.t.JMeterThread: Thread started: Estudiantes 1-11
2025-06-17 17:13:28,773 INFO o.a.j.t.JMeterThread: Thread started: Estudiantes 1-12
2025-06-17 17:13:28,974 INFO o.a.j.t.JMeterThread: Thread started: Estudiantes 1-13
2025-06-17 17:13:29,174 INFO o.a.j.t.JMeterThread: Thread started: Estudiantes 1-14
2025-06-17 17:13:29,373 INFO o.a.j.t.JMeterThread: Thread started: Estudiantes 1-15
2025-06-17 17:13:30,041 INFO o.a.j.r.Summariser: summary +     78 in 00:00:03 =   22.3/s Avg:    11 Min:     0 Max:    72 Err:     0 (0.00%) Active: 20 Started: 20 Finished: 0
2025-06-17 17:13:31,501 INFO o.a.j.t.JMeterThread: Thread is done: Estudiantes 1-5
2025-06-17 17:13:31,501 INFO o.a.j.t.JMeterThread: Thread finished: Estudiantes 1-5
2025-06-17 17:13:31,945 INFO o.a.j.t.JMeterThread: Thread is done: Estudiantes 1-4
2025-06-17 17:13:31,946 INFO o.a.j.t.JMeterThread: Thread finished: Estudiantes 1-4
2025-06-17 17:13:31,951 INFO o.a.j.t.JMeterThread: Thread is done: Estudiantes 1-11
2025-06-17 17:13:31,952 INFO o.a.j.t.JMeterThread: Thread finished: Estudiantes 1-11
2025-06-17 17:13:32,143 INFO o.a.j.t.JMeterThread: Thread is done: Estudiantes 1-2
2025-06-17 17:13:32,144 INFO o.a.j.t.JMeterThread: Thread finished: Estudiantes 1-2
2025-06-17 17:13:32,252 INFO o.a.j.t.JMeterThread: Thread is done: Estudiantes 1-8
2025-06-17 17:13:32,252 INFO o.a.j.t.JMeterThread: Thread finished: Estudiantes 1-8
2025-06-17 17:13:32,331 INFO o.a.j.t.JMeterThread: Thread is done: Estudiantes 1-13
2025-06-17 17:13:32,331 INFO o.a.j.t.JMeterThread: Thread finished: Estudiantes 1-13
2025-06-17 17:13:32,359 INFO o.a.j.t.JMeterThread: Thread is done: Estudiantes 1-3
2025-06-17 17:13:32,359 INFO o.a.j.t.JMeterThread: Thread finished: Estudiantes 1-3
2025-06-17 17:13:32,673 INFO o.a.j.t.JMeterThread: Thread is done: Estudiantes 1-9
2025-06-17 17:13:32,673 INFO o.a.j.t.JMeterThread: Thread finished: Estudiantes 1-9
2025-06-17 17:13:32,796 INFO o.a.j.t.JMeterThread: Thread is done: Estudiantes 1-1
2025-06-17 17:13:32,797 INFO o.a.j.t.JMeterThread: Thread finished: Estudiantes 1-1
2025-06-17 17:13:33,247 INFO o.a.j.t.JMeterThread: Thread is done: Administradores 2-1
2025-06-17 17:13:33,247 INFO o.a.j.t.JMeterThread: Thread finished: Administradores 2-1
2025-06-17 17:13:33,555 INFO o.a.j.t.JMeterThread: Thread is done: Estudiantes 1-12
2025-06-17 17:13:33,555 INFO o.a.j.t.JMeterThread: Thread finished: Estudiantes 1-12
2025-06-17 17:13:33,734 INFO o.a.j.t.JMeterThread: Thread is done: Estudiantes 1-7
2025-06-17 17:13:33,734 INFO o.a.j.t.JMeterThread: Thread finished: Estudiantes 1-7
2025-06-17 17:13:33,848 INFO o.a.j.t.JMeterThread: Thread is done: Administradores 2-2
2025-06-17 17:13:33,848 INFO o.a.j.t.JMeterThread: Thread finished: Administradores 2-2
2025-06-17 17:13:34,318 INFO o.a.j.t.JMeterThread: Thread is done: Estudiantes 1-14
2025-06-17 17:13:34,319 INFO o.a.j.t.JMeterThread: Thread finished: Estudiantes 1-14
2025-06-17 17:13:34,521 INFO o.a.j.t.JMeterThread: Thread is done: Estudiantes 1-6
2025-06-17 17:13:34,521 INFO o.a.j.t.JMeterThread: Thread finished: Estudiantes 1-6
2025-06-17 17:13:34,975 INFO o.a.j.t.JMeterThread: Thread is done: Estudiantes 1-10
2025-06-17 17:13:34,976 INFO o.a.j.t.JMeterThread: Thread finished: Estudiantes 1-10
2025-06-17 17:13:35,259 INFO o.a.j.t.JMeterThread: Thread is done: Estudiantes 1-15
2025-06-17 17:13:35,259 INFO o.a.j.t.JMeterThread: Thread finished: Estudiantes 1-15
2025-06-17 17:13:35,515 INFO o.a.j.t.JMeterThread: Thread is done: Administradores 2-5
2025-06-17 17:13:35,516 INFO o.a.j.t.JMeterThread: Thread finished: Administradores 2-5
2025-06-17 17:13:35,889 INFO o.a.j.t.JMeterThread: Thread is done: Administradores 2-3
2025-06-17 17:13:35,890 INFO o.a.j.t.JMeterThread: Thread finished: Administradores 2-3
2025-06-17 17:13:36,714 INFO o.a.j.t.JMeterThread: Thread is done: Administradores 2-4
2025-06-17 17:13:36,714 INFO o.a.j.t.JMeterThread: Thread finished: Administradores 2-4
2025-06-17 17:13:36,716 INFO o.a.j.e.StandardJMeterEngine: Notifying test listeners of end of test
2025-06-17 17:13:36,717 INFO o.a.j.s.FileServer: Close: ./jMeter/apiAlumnos.log
2025-06-17 17:13:36,717 INFO o.a.j.s.FileServer: Close: ./jMeter/alumnos.csv@1547116051
2025-06-17 17:13:36,717 INFO o.a.j.s.FileServer: Close: ./jMeter/administradores.csv@1965036946
2025-06-17 17:13:36,718 INFO o.a.j.r.Summariser: summary +    147 in 00:00:07 =   22.0/s Avg:     8 Min:     0 Max:    17 Err:     0 (0.00%) Active: 0 Started: 20 Finished: 20
2025-06-17 17:13:36,719 INFO o.a.j.r.Summariser: summary =    225 in 00:00:10 =   22.1/s Avg:     9 Min:     0 Max:    72 Err:     0 (0.00%)
