This is pdfTeX, Version 3.141592653-2.6-1.40.25 (TeX Live 2023/Debian) (preloaded format=pdflatex 2024.9.16)  23 OCT 2025 17:26
entering extended mode
 \write18 enabled.
 file:line:error style messages enabled.
 %&-line parsing enabled.
**"/home/jesusmuve/Escritorio/Apuntes/documents/Cuarto/Primer Cuatrimestre/Topología II/losDelDGIIM/Temario_TopoII.tex"
(/home/jesusmuve/Escritorio/Apuntes/documents/Cuarto/Primer Cuatrimestre/Topología II/losDelDGIIM/Temario_TopoII.tex
LaTeX2e <2023-11-01> patch level 1
L3 programming layer <2024-01-22>
(/usr/share/texlive/texmf-dist/tex/latex/base/book.cls
Document Class: book 2023/05/17 v1.4n Standard LaTeX document class
(/usr/share/texlive/texmf-dist/tex/latex/base/bk12.clo
File: bk12.clo 2023/05/17 v1.4n Standard LaTeX file (size option)
)
\c@part=\count187
\c@chapter=\count188
\c@section=\count189
\c@subsection=\count190
\c@subsubsection=\count191
\c@paragraph=\count192
\c@subparagraph=\count193
\c@figure=\count194
\c@table=\count195
\abovecaptionskip=\skip48
\belowcaptionskip=\skip49
\bibindent=\dimen140
)

! LaTeX Error: File `../../_assets/preambulo.tex' not found.

Type X to quit or <RETURN> to proceed,
or enter new name. (Default extension: tex)

Enter file name: 
/home/jesusmuve/Escritorio/Apuntes/documents/Cuarto/Primer Cuatrimestre/Topología II/losDelDGIIM/Temario_TopoII.tex:3: Emergency stop.
<read *> 
         
l.3 \input{../../_assets/preambulo.tex}
                                       ^^M
*** (cannot \read from terminal in nonstop modes)

 
Here is how much of TeX's memory you used:
 250 strings out of 474222
 3345 string characters out of 5748733
 1922975 words of memory out of 5000000
 22594 multiletter control sequences out of 15000+600000
 558367 words of font info for 37 fonts, out of 8000000 for 9000
 1141 hyphenation exceptions out of 8191
 35i,0n,38p,229b,36s stack positions out of 10000i,1000n,20000p,200000b,200000s
/home/jesusmuve/Escritorio/Apuntes/documents/Cuarto/Primer Cuatrimestre/Topología II/losDelDGIIM/Temario_TopoII.tex:3:  ==> Fatal error occurred, no output PDF file produced!
