\BOOKMARK [1][-]{section.0.1}{\376\377\000C\000o\000n\000e\000x\000i\000\363\000n}{}% 1
\BOOKMARK [1][-]{section.0.2}{\376\377\000C\000o\000n\000e\000x\000i\000\363\000n\000\040\000p\000o\000r\000\040\000a\000r\000c\000o\000s}{}% 2
\BOOKMARK [0][-]{chapter.1}{\376\377\000E\000l\000\040\000g\000r\000u\000p\000o\000\040\000f\000u\000n\000d\000a\000m\000e\000n\000t\000a\000l}{}% 3
\BOOKMARK [1][-]{section.1.1}{\376\377\000H\000o\000m\000o\000t\000o\000p\000\355\000a\000\040\000p\000o\000r\000\040\000a\000r\000c\000o\000s}{chapter.1}% 4
\BOOKMARK [1][-]{section.1.2}{\376\377\000E\000l\000\040\000g\000r\000u\000p\000o\000\040\000f\000u\000n\000d\000a\000m\000e\000n\000t\000a\000l}{chapter.1}% 5
\BOOKMARK [1][-]{section.1.3}{\376\377\000E\000s\000p\000a\000c\000i\000o\000s\000\040\000r\000e\000c\000u\000b\000r\000i\000d\000o\000r\000e\000s}{chapter.1}% 6
\BOOKMARK [1][-]{section.1.4}{\376\377\000L\000e\000v\000a\000n\000t\000a\000m\000i\000e\000n\000t\000o\000s\000\040\000e\000n\000\040\000e\000s\000p\000a\000c\000i\000o\000s\000\040\000r\000e\000c\000u\000b\000r\000i\000d\000o\000r\000e\000s}{chapter.1}% 7
\BOOKMARK [1][-]{section.1.5}{\376\377\000G\000r\000u\000p\000o\000\040\000f\000u\000n\000d\000a\000m\000e\000n\000t\000a\000l\000\040\000d\000e\000\040\000l\000a\000\040\000c\000i\000r\000c\000u\000n\000f\000e\000r\000e\000n\000c\000i\000a}{chapter.1}% 8
\BOOKMARK [1][-]{section.1.6}{\376\377\000R\000e\000t\000r\000a\000c\000c\000i\000o\000n\000e\000s\000,\000\040\000t\000i\000p\000o\000s\000\040\000d\000e\000\040\000h\000o\000m\000o\000t\000o\000p\000\355\000a\000\040\000y\000\040\000r\000e\000t\000r\000a\000c\000t\000o\000s\000\040\000d\000e\000\040\000d\000e\000f\000o\000r\000m\000a\000c\000i\000\363\000n}{chapter.1}% 9
\BOOKMARK [1][-]{section.1.7}{\376\377\000E\000l\000\040\000g\000r\000u\000p\000o\000\040\000f\000u\000n\000d\000a\000m\000e\000n\000t\000a\000l\000\040\000d\000e\000\040\000l\000a\000s\000\040\000e\000s\000f\000e\000r\000a\000s\000.\000\040\000A\000p\000l\000i\000c\000a\000c\000i\000o\000n\000e\000s\000.}{chapter.1}% 10
\BOOKMARK [1][-]{section.1.8}{\376\377\000E\000l\000\040\000t\000e\000o\000r\000e\000m\000a\000\040\000d\000e\000\040\000S\000e\000i\000f\000e\000r\000t\000-\000v\000a\000n\000\040\000K\000a\000m\000p\000e\000n}{chapter.1}% 11
\BOOKMARK [2][-]{subsection.1.8.1}{\376\377\000G\000r\000u\000p\000o\000\040\000c\000o\000c\000i\000e\000n\000t\000e}{section.1.8}% 12
\BOOKMARK [2][-]{subsection.1.8.2}{\376\377\000S\000u\000b\000g\000r\000u\000p\000o\000\040\000n\000o\000r\000m\000a\000l\000\040\000g\000e\000n\000e\000r\000a\000d\000o\000\040\000p\000o\000r\000\040\000u\000n\000\040\000c\000o\000n\000j\000u\000n\000t\000o}{section.1.8}% 13
\BOOKMARK [2][-]{subsection.1.8.3}{\376\377\000P\000r\000o\000d\000u\000c\000t\000o\000\040\000l\000i\000b\000r\000e\000\040\000d\000e\000\040\000g\000r\000u\000p\000o\000s}{section.1.8}% 14
\BOOKMARK [2][-]{subsection.1.8.4}{\376\377\000G\000r\000u\000p\000o\000s\000\040\000l\000i\000b\000r\000e\000s\000\040\000y\000\040\000p\000r\000e\000s\000e\000n\000t\000a\000c\000i\000o\000n\000e\000s\000\040\000d\000e\000\040\000g\000r\000u\000p\000o\000s}{section.1.8}% 15
\BOOKMARK [2][-]{subsection.1.8.5}{\376\377\000E\000n\000u\000n\000c\000i\000a\000d\000o\000\040\000d\000e\000l\000\040\000t\000e\000o\000r\000e\000m\000a}{section.1.8}% 16
\BOOKMARK [0][-]{chapter.2}{\376\377\000E\000s\000p\000a\000c\000i\000o\000s\000\040\000R\000e\000c\000u\000b\000r\000i\000d\000o\000r\000e\000s}{}% 17
\BOOKMARK [1][-]{section.2.1}{\376\377\000L\000e\000v\000a\000n\000t\000a\000m\000i\000e\000n\000t\000o\000\040\000d\000e\000\040\000a\000p\000l\000i\000c\000a\000c\000i\000o\000n\000e\000s}{chapter.2}% 18
\BOOKMARK [1][-]{section.2.2}{\376\377\000T\000r\000a\000n\000s\000f\000o\000r\000m\000a\000c\000i\000\363\000n\000\040\000d\000e\000\040\000r\000e\000c\000u\000b\000r\000i\000d\000o\000r\000e\000s}{chapter.2}% 19
\BOOKMARK [1][-]{section.2.3}{\376\377\000E\000x\000i\000s\000t\000e\000n\000c\000i\000a\000\040\000d\000e\000\040\000e\000s\000p\000a\000c\000i\000o\000s\000\040\000r\00