2025-05-31 16:31:31,854 INFO o.a.j.u.JMeterUtils: Setting Locale to en_EN
2025-05-31 16:31:31,913 INFO o.a.j.JMeter: Loading user properties from: /home/jesusmuve/Descargas/apache-jmeter-5.6.3/bin/user.properties
2025-05-31 16:31:31,913 INFO o.a.j.JMeter: Loading system properties from: /home/jesusmuve/Descargas/apache-jmeter-5.6.3/bin/system.properties
2025-05-31 16:31:31,922 INFO o.a.j.JMeter: Copyright (c) 1998-2024 The Apache Software Foundation
2025-05-31 16:31:31,923 INFO o.a.j.JMeter: Version 5.6.3
2025-05-31 16:31:31,923 INFO o.a.j.JMeter: java.version=21.0.7
2025-05-31 16:31:31,923 INFO o.a.j.JMeter: java.vm.name=OpenJDK 64-Bit Server VM
2025-05-31 16:31:31,923 INFO o.a.j.JMeter: os.name=Linux
2025-05-31 16:31:31,923 INFO o.a.j.JMeter: os.arch=amd64
2025-05-31 16:31:31,923 INFO o.a.j.JMeter: os.version=6.8.0-60-generic
2025-05-31 16:31:31,923 INFO o.a.j.JMeter: file.encoding=UTF-8
2025-05-31 16:31:31,923 INFO o.a.j.JMeter: java.awt.headless=true
2025-05-31 16:31:31,924 INFO o.a.j.JMeter: Max memory     =1073741824
2025-05-31 16:31:31,924 INFO o.a.j.JMeter: Available Processors =8
2025-05-31 16:31:31,956 INFO o.a.j.JMeter: Default Locale=English (EN)
2025-05-31 16:31:31,956 INFO o.a.j.JMeter: JMeter  Locale=English (EN)
2025-05-31 16:31:31,957 INFO o.a.j.JMeter: JMeterHome=/home/jesusmuve/Descargas/apache-jmeter-5.6.3
2025-05-31 16:31:31,957 INFO o.a.j.JMeter: user.dir  =/home/jesusmuve/Escritorio/Apuntes/documents/Tercero/Segundo Cuatrimestre/ISE/Pr치cticas/Ejercicio_jMeter
2025-05-31 16:31:31,957 INFO o.a.j.JMeter: PWD       =/home/jesusmuve/Escritorio/Apuntes/documents/Tercero/Segundo Cuatrimestre/ISE/Pr치cticas/Ejercicio_jMeter
2025-05-31 16:31:31,957 INFO o.a.j.JMeter: IP: 127.0.1.1 Name: jesusmuve-Modern-14-B10MW FullName: jesusmuve-Modern-14-B10MW
2025-05-31 16:31:31,981 INFO o.a.j.s.FileServer: Default base='/home/jesusmuve/Escritorio/Apuntes/documents/Tercero/Segundo Cuatrimestre/ISE/Pr치cticas/Ejercicio_jMeter'
2025-05-31 16:31:31,982 INFO o.a.j.s.FileServer: Set new base='/home/jesusmuve/Escritorio/Apuntes/documents/Tercero/Segundo Cuatrimestre/ISE/Pr치cticas/Ejercicio_jMeter/.'
2025-05-31 16:31:32,269 INFO o.a.j.s.SaveService: Testplan (JMX) version: 2.2. Testlog (JTL) version: 2.2
2025-05-31 16:31:32,329 INFO o.a.j.s.SaveService: Using SaveService properties version 5.0
2025-05-31 16:31:32,334 INFO o.a.j.s.SaveService: Using SaveService properties file encoding UTF-8
2025-05-31 16:31:32,341 INFO o.a.j.s.SaveService: Loading file: ./jmeter_pruebas.jmx
2025-05-31 16:31:32,456 INFO o.a.j.p.h.s.HTTPSamplerBase: Parser for text/html is org.apache.jmeter.protocol.http.parser.LagartoBasedHtmlParser
2025-05-31 16:31:32,456 INFO o.a.j.p.h.s.HTTPSamplerBase: Parser for application/xhtml+xml is org.apache.jmeter.protocol.http.parser.LagartoBasedHtmlParser
2025-05-31 16:31:32,457 INFO o.a.j.p.h.s.HTTPSamplerBase: Parser for application/xml is org.apache.jmeter.protocol.http.parser.LagartoBasedHtmlParser
2025-05-31 16:31:32,457 INFO o.a.j.p.h.s.HTTPSamplerBase: Parser for text/xml is org.apache.jmeter.protocol.http.parser.LagartoBasedHtmlParser
2025-05-31 16:31:32,457 INFO o.a.j.p.h.s.HTTPSamplerBase: Parser for text/vnd.wap.wml is org.apache.jmeter.protocol.http.parser.RegexpHTMLParser
2025-05-31 16:31:32,457 INFO o.a.j.p.h.s.HTTPSamplerBase: Parser for text/css is org.apache.jmeter.protocol.http.parser.CssParser
2025-05-31 16:31:32,482 INFO o.a.j.p.h.s.HTTPJavaImpl: Maximum connection retries = 0
2025-05-31 16:31:32,530 INFO o.a.j.JMeter: Creating summariser <summary>
2025-05-31 16:31:32,547 INFO o.a.j.e.StandardJMeterEngine: Running the test!
2025-05-31 16:31:32,548 INFO o.a.j.s.SampleEvent: List of sample_variables: []
2025-05-31 16:31:32,548 INFO o.a.j.s.SampleEvent: List of sample_variables: []
2025-05-31 16:31:32,556 INFO o.a.j.e.u.CompoundVariable: Note: Function class names must contain the string: '.functions.'
2025-05-31 16:31:32,556 INFO o.a.j.e.u.CompoundVariable: Note: Function class names must not contain the string: '.gui.'
2025-05-31 16:31:32,715 INFO o.a.j.JMeter: Running test (1748701892715)
2025-05-31 16:31:32,747 INFO o.a.j.e.StandardJMeterEngine: Starting ThreadGroup: 1 : Estudiantes
2025-05-31 16:31:32,747 INFO o.a.j.e.StandardJMeterEngine: Starting 15 threads for group Estudiantes.
2025-05-31 16:31:32,747 INFO o.a.j.e.StandardJMeterEngine: Thread will continue on error
2025-05-31 16:31:32,747 INFO o.a.j.t.ThreadGroup: Starting thread group... number=1 threads=15 ramp-up=3 delayedStart=false
2025-05-31 16:31:32,773 INFO o.a.j.t.JMeterThread: Thread started: Estudiantes 1-1
2025-05-31 16:31:32,775 INFO o.a.j.s.FileServer: Stored: ./jMeter/alumnos.csv Alias: ./jMeter/alumnos.csv@1547116051
2025-05-31 16:31:32,778 INFO o.a.j.t.ThreadGroup: Started thread group number 1
2025-05-31 16:31:32,778 INFO o.a.j.e.StandardJMeterEngine: Starting ThreadGroup: 2 : Administradores
2025-05-31 16:31:32,778 INFO o.a.j.e.StandardJMeterEngine: Starting 5 threads for group Administradores.
2025-05-31 16:31:32,778 INFO o.a.j.e.StandardJMeterEngine: Thread will continue on error
2025-05-31 16:31:32,778 INFO o.a.j.t.ThreadGroup: Starting thread group... number=2 threads=5 ramp-up=2 delayedStart=false
2025-05-31 16:31:32,780 INFO o.a.j.t.JMeterThread: Thread started: Administradores 2-1
2025-05-31 16:31:32,783 INFO o.a.j.t.ThreadGroup: Started thread group number 2
2025-05-31 16:31:32,783 INFO o.a.j.e.StandardJMeterEngine: All thread groups have been started
2025-05-31 16:31:32,792 INFO o.a.j.s.FileServer: Stored: ./jMeter/administradores.csv Alias: ./jMeter/administradores.csv@1965036946
2025-05-31 16:31:32,967 INFO o.a.j.t.JMeterThread: Thread started: Estudiantes 1-2
2025-05-31 16:31:33,029 INFO o.a.j.p.h.s.HTTPHCAbstractImpl: Local host = jesusmuve-Modern-14-B10MW
2025-05-31 16:31:33,036 INFO o.a.j.p.h.s.HTTPHC4Impl: HTTP request retry count = 0
2025-05-31 16:31:33,038 INFO o.a.j.s.SampleResult: Note: Sample TimeStamps are START times
2025-05-31 16:31:33,038 INFO o.a.j.s.SampleResult: sampleresult.default.encoding is set to UTF-8
2025-05-31 16:31:33,038 INFO o.a.j.s.SampleResult: sampleresult.useNanoTime=true
2025-05-31 16:31:33,038 INFO o.a.j.s.SampleResult: sampleresult.nanoThreadSleep=5000
2025-05-31 16:31:33,168 INFO o.a.j.t.JMeterThread: Thread started: Estudiantes 1-3
2025-05-31 16:31:33,180 INFO o.a.j.t.JMeterThread: Thread started: Administradores 2-2
2025-05-31 16:31:33,249 INFO o.a.j.r.Summariser: summary +      1 in 00:00:01 =    1.9/s Avg:    75 Min:    75 Max:    75 Err:     0 (0.00%) Active: 5 Started: 5 Finished: 0
2025-05-31 16:31:33,364 INFO o.a.j.t.JMeterThread: Thread started: Estudiantes 1-4
2025-05-31 16:31:33,564 INFO o.a.j.t.JMeterThread: Thread started: Estudiantes 1-5
2025-05-31 16:31:33,580 INFO o.a.j.t.JMeterThread: Thread started: Administradores 2-3
2025-05-31 16:31:33,762 INFO o.a.j.t.JMeterThread: Thread started: Estudiantes 1-6
2025-05-31 16:31:33,957 INFO o.a.j.t.JMeterThread: Thread started: Estudiantes 1-7
2025-05-31 16:31:33,979 INFO o.a.j.t.JMeterThread: Thread started: Administradores 2-4
2025-05-31 16:31:34,148 INFO o.a.j.s.FileServer: Stored: ./jMeter/apiAlumnos.log
2025-05-31 16:31:34,159 INFO o.a.j.t.JMeterThread: Thread started: Estudiantes 1-8
2025-05-31 16:31:34,355 INFO o.a.j.t.JMeterThread: Thread started: Estudiantes 1-9
2025-05-31 16:31:34,380 INFO o.a.j.t.JMeterThread: Thread started: Administradores 2-5
2025-05-31 16:31:34,553 INFO o.a.j.t.JMeterThread: Thread started: Estudiantes 1-10
2025-05-31 16:31:34,750 INFO o.a.j.t.JMeterThread: Thread started: Estudiantes 1-11
2025-05-31 16:31:34,951 INFO o.a.j.t.JMeterThread: Thread started: Estudiantes 1-12
2025-05-31 16:31:35,150 INFO o.a.j.t.JMeterThread: Thread started: Estudiantes 1-13
2025-05-31 16:31:35,350 INFO o.a.j.t.JMeterThread: Thread started: Estudiantes 1-14
2025-05-31 16:31:35,550 INFO o.a.j.t.JMeterThread: Thread started: Estudiantes 1-15
2025-05-31 16:31:36,800 INFO o.a.j.t.JMeterThread: Thread is done: Estudiantes 1-2
2025-05-31 16:31:36,800 INFO o.a.j.t.JMeterThread: Thread finished: Estudiantes 1-2
2025-05-31 16:31:37,311 INFO o.a.j.t.JMeterThread: Thread is done: Estudiantes 1-5
2025-05-31 16:31:37,311 INFO o.a.j.t.JMeterThread: Thread finished: Estudiantes 1-5
2025-05-31 16:31:38,459 INFO o.a.j.t.JMeterThread: Thread is done: Estudiantes 1-6
2025-05-31 16:31:38,459 INFO o.a.j.t.JMeterThread: Thread finished: Estudiantes 1-6
2025-05-31 16:31:38,481 INFO o.a.j.t.JMeterThread: Thread is done: Estudiantes 1-4
2025-05-31 16:31:38,481 INFO o.a.j.t.JMeterThread: Thread finished: Estudiantes 1-4
2025-05-31 16:31:38,521 INFO o.a.j.t.JMeterThread: Thread is done: Estudiantes 1-9
2025-05-31 16:31:38,521 INFO o.a.j.t.JMeterThread: Thread finished: Estudiantes 1-9
2025-05-31 16:31:38,708 INFO o.a.j.t.JMeterThread: Thread is done: Estudiantes 1-1
2025-05-31 16:31:38,708 INFO o.a.j.t.JMeterThread: Thread finished: Estudiantes 1-1
2025-05-31 16:31:38,819 INFO o.a.j.t.JMeterThread: Thread is done: Estudiantes 1-3
2025-05-31 16:31:38,820 INFO o.a.j.t.JMeterThread: Thread finished: Estudiantes 1-3
2025-05-31 16:31:38,961 INFO o.a.j.t.JMeterThread: Thread is done: Estudiantes 1-13
2025-05-31 16:31:38,961 INFO o.a.j.t.JMeterThread: Thread finished: Estudiantes 1-13
2025-05-31 16:31:39,429 INFO o.a.j.t.JMeterThread: Thread is done: Estudiantes 1-11
2025-05-31 16:31:39,429 INFO o.a.j.t.JMeterThread: Thread finished: Estudiantes 1-11
2025-05-31 16:31:39,622 INFO o.a.j.t.JMeterThread: Thread is done: Estudiantes 1-10
2025-05-31 16:31:39,622 INFO o.a.j.t.JMeterThread: Thread finished: Estudiantes 1-10
2025-05-31 16:31:39,770 INFO o.a.j.t.JMeterThread: Thread is done: Estudiantes 1-8
2025-05-31 16:31:39,771 INFO o.a.j.t.JMeterThread: Thread finished: Estudiantes 1-8
2025-05-31 16:31:39,944 INFO o.a.j.t.JMeterThread: Thread is done: Administradores 2-3
2025-05-31 16:31:39,944 INFO o.a.j.t.JMeterThread: Thread finished: Administradores 2-3
2025-05-31 16:31:40,339 INFO o.a.j.t.JMeterThread: Thread is done: Administradores 2-4
2025-05-31 16:31:40,339 INFO o.a.j.t.JMeterThread: Thread finished: Administradores 2-4
2025-05-31 16:31:40,381 INFO o.a.j.t.JMeterThread: Thread is done: Estudiantes 1-7
2025-05-31 16:31:40,381 INFO o.a.j.t.JMeterThread: Thread finished: Estudiantes 1-7
2025-05-31 16:31:40,467 INFO o.a.j.t.JMeterThread: Thread is done: Estudiantes 1-12
2025-05-31 16:31:40,467 INFO o.a.j.t.JMeterThread: Thread finished: Estudiantes 1-12
2025-05-31 16:31:40,634 INFO o.a.j.t.JMeterThread: Thread is done: Administradores 2-2
2025-05-31 16:31:40,634 INFO o.a.j.t.JMeterThread: Thread finished: Administradores 2-2
2025-05-31 16:31:40,900 INFO o.a.j.t.JMeterThread: Thread is done: Estudiantes 1-15
2025-05-31 16:31:40,901 INFO o.a.j.t.JMeterThread: Thread finished: Estudiantes 1-15
2025-05-31 16:31:40,914 INFO o.a.j.t.JMeterThread: Thread is done: Administradores 2-1
2025-05-31 16:31:40,915 INFO o.a.j.t.JMeterThread: Thread finished: Administradores 2-1
2025-05-31 16:31:41,125 INFO o.a.j.t.JMeterThread: Thread is done: Estudiantes 1-14
2025-05-31 16:31:41,125 INFO o.a.j.t.JMeterThread: Thread finished: Estudiantes 1-14
2025-05-31 16:31:41,393 INFO o.a.j.t.JMeterThread: Thread is done: Administradores 2-5
2025-05-31 16:31:41,393 INFO o.a.j.t.JMeterThread: Thread finished: Administradores 2-5
2025-05-31 16:31:41,393 INFO o.a.j.e.StandardJMeterEngine: Notifying test listeners of end of test
2025-05-31 16:31:41,393 INFO o.a.j.s.FileServer: Close: ./jMeter/apiAlumnos.log
2025-05-31 16:31:41,393 INFO o.a.j.s.FileServer: Close: ./jMeter/alumnos.csv@1547116051
2025-05-31 16:31:41,393 INFO o.a.j.s.FileServer: Close: ./jMeter/administradores.csv@1965036946
2025-05-31 16:31:41,394 INFO o.a.j.r.Summariser: summary +    224 in 00:00:08 =   27.5/s Avg:     5 Min:     0 Max:   118 Err:     0 (0.00%) Active: 0 Started: 20 Finished: 20
2025-05-31 16:31:41,394 INFO o.a.j.r.Summariser: summary =    225 in 00:00:09 =   25.9/s Avg:     5 Min:     0 Max:   118 Err:     0 (0.00%)
